{"C:\\TRABAJO\\rickandmortyapp\\src\\App.js": {"path":"C:\\TRABAJO\\rickandmortyapp\\src\\App.js","statementMap":{"0":{"start":{"line":21,"column":12},"end":{"line":21,"column":38}},"1":{"start":{"line":22,"column":16},"end":{"line":22,"column":35}},"2":{"start":{"line":24,"column":19},"end":{"line":58,"column":1}},"3":{"start":{"line":38,"column":21},"end":{"line":52,"column":3}},"4":{"start":{"line":54,"column":18},"end":{"line":54,"column":43}},"5":{"start":{"line":56,"column":2},"end":{"line":56,"column":16}},"6":{"start":{"line":60,"column":19},"end":{"line":72,"column":1}},"7":{"start":{"line":61,"column":2},"end":{"line":71,"column":3}}},"fnMap":{"0":{"name":"(anonymous_0)","decl":{"start":{"line":24,"column":19},"end":{"line":24,"column":20}},"loc":{"start":{"line":24,"column":25},"end":{"line":58,"column":1}},"line":24},"1":{"name":"(anonymous_1)","decl":{"start":{"line":60,"column":19},"end":{"line":60,"column":20}},"loc":{"start":{"line":60,"column":25},"end":{"line":72,"column":1}},"line":60}},"branchMap":{},"s":{"0":1,"1":1,"2":1,"3":1,"4":1,"5":1,"6":1,"7":1},"f":{"0":1,"1":1},"b":{},"_coverageSchema":"1a1c01bbd47fc00a2c39e90264f33305004495a9","hash":"d836c53c0b9e7d944ee23ab9b62ceeb9d082ccff"}
,"C:\\TRABAJO\\rickandmortyapp\\src\\index.js": {"path":"C:\\TRABAJO\\rickandmortyapp\\src\\index.js","statementMap":{"0":{"start":{"line":8,"column":13},"end":{"line":8,"column":65}},"1":{"start":{"line":9,"column":0},"end":{"line":13,"column":2}},"2":{"start":{"line":20,"column":0},"end":{"line":20,"column":18}}},"fnMap":{},"branchMap":{},"s":{"0":0,"1":0,"2":0},"f":{},"b":{}}
,"C:\\TRABAJO\\rickandmortyapp\\src\\reportWebVitals.js": {"path":"C:\\TRABAJO\\rickandmortyapp\\src\\reportWebVitals.js","statementMap":{"0":{"start":{"line":1,"column":24},"end":{"line":11,"column":1}},"1":{"start":{"line":2,"column":2},"end":{"line":10,"column":3}},"2":{"start":{"line":3,"column":4},"end":{"line":9,"column":7}},"3":{"start":{"line":4,"column":6},"end":{"line":4,"column":26}},"4":{"start":{"line":5,"column":6},"end":{"line":5,"column":26}},"5":{"start":{"line":6,"column":6},"end":{"line":6,"column":26}},"6":{"start":{"line":7,"column":6},"end":{"line":7,"column":26}},"7":{"start":{"line":8,"column":6},"end":{"line":8,"column":27}}},"fnMap":{"0":{"name":"(anonymous_0)","decl":{"start":{"line":1,"column":24},"end":{"line":1,"column":25}},"loc":{"start":{"line":1,"column":39},"end":{"line":11,"column":1}},"line":1},"1":{"name":"(anonymous_1)","decl":{"start":{"line":3,"column":30},"end":{"line":3,"column":31}},"loc":{"start":{"line":3,"column":79},"end":{"line":9,"column":5}},"line":3}},"branchMap":{"0":{"loc":{"start":{"line":2,"column":2},"end":{"line":10,"column":3}},"type":"if","locations":[{"start":{"line":2,"column":2},"end":{"line":10,"column":3}},{"start":{},"end":{}}],"line":2},"1":{"loc":{"start":{"line":2,"column":6},"end":{"line":2,"column":52}},"type":"binary-expr","locations":[{"start":{"line":2,"column":6},"end":{"line":2,"column":17}},{"start":{"line":2,"column":21},"end":{"line":2,"column":52}}],"line":2}},"s":{"0":0,"1":0,"2":0,"3":0,"4":0,"5":0,"6":0,"7":0},"f":{"0":0,"1":0},"b":{"0":[0,0],"1":[0,0]}}
,"C:\\TRABAJO\\rickandmortyapp\\src\\client\\index.js": {"path":"C:\\TRABAJO\\rickandmortyapp\\src\\client\\index.js","statementMap":{"0":{"start":{"line":3,"column":15},"end":{"line":10,"column":2}}},"fnMap":{},"branchMap":{},"s":{"0":1},"f":{},"b":{},"_coverageSchema":"1a1c01bbd47fc00a2c39e90264f33305004495a9","hash":"a456ee3cb65b03330cc4a545b421045e8a0acf03"}
,"C:\\TRABAJO\\rickandmortyapp\\src\\components\\card\\index.js": {"path":"C:\\TRABAJO\\rickandmortyapp\\src\\components\\card\\index.js","statementMap":{"0":{"start":{"line":13,"column":51},"end":{"line":13,"column":61}},"1":{"start":{"line":15,"column":4},"end":{"line":23,"column":5}}},"fnMap":{"0":{"name":"StyledCardComponent","decl":{"start":{"line":11,"column":9},"end":{"line":11,"column":28}},"loc":{"start":{"line":11,"column":45},"end":{"line":24,"column":1}},"line":11}},"branchMap":{"0":{"loc":{"start":{"line":13,"column":51},"end":{"line":13,"column":61}},"type":"binary-expr","locations":[{"start":{"line":13,"column":51},"end":{"line":13,"column":55}},{"start":{"line":13,"column":59},"end":{"line":13,"column":61}}],"line":13},"1":{"loc":{"start":{"line":15,"column":11},"end":{"line":23,"column":5}},"type":"cond-expr","locations":[{"start":{"line":15,"column":39},"end":{"line":15,"column":60}},{"start":{"line":16,"column":8},"end":{"line":22,"column":21}}],"line":15},"2":{"loc":{"start":{"line":17,"column":28},"end":{"line":17,"column":53}},"type":"binary-expr","locations":[{"start":{"line":17,"column":28},"end":{"line":17,"column":33}},{"start":{"line":17,"column":37},"end":{"line":17,"column":53}}],"line":17},"3":{"loc":{"start":{"line":17,"column":60},"end":{"line":17,"column":81}},"type":"binary-expr","locations":[{"start":{"line":17,"column":60},"end":{"line":17,"column":64}},{"start":{"line":17,"column":68},"end":{"line":17,"column":81}}],"line":17},"4":{"loc":{"start":{"line":19,"column":37},"end":{"line":19,"column":59}},"type":"binary-expr","locations":[{"start":{"line":19,"column":37},"end":{"line":19,"column":41}},{"start":{"line":19,"column":45},"end":{"line":19,"column":59}}],"line":19},"5":{"loc":{"start":{"line":20,"column":48},"end":{"line":20,"column":118}},"type":"cond-expr","locations":[{"start":{"line":20,"column":69},"end":{"line":20,"column":76}},{"start":{"line":20,"column":79},"end":{"line":20,"column":118}}],"line":20},"6":{"loc":{"start":{"line":20,"column":79},"end":{"line":20,"column":118}},"type":"cond-expr","locations":[{"start":{"line":20,"column":102},"end":{"line":20,"column":110}},{"start":{"line":20,"column":113},"end":{"line":20,"column":118}}],"line":20},"7":{"loc":{"start":{"line":20,"column":124},"end":{"line":20,"column":150}},"type":"binary-expr","locations":[{"start":{"line":20,"column":124},"end":{"line":20,"column":130}},{"start":{"line":20,"column":134},"end":{"line":20,"column":150}}],"line":20},"8":{"loc":{"start":{"line":20,"column":155},"end":{"line":20,"column":183}},"type":"binary-expr","locations":[{"start":{"line":20,"column":155},"end":{"line":20,"column":162}},{"start":{"line":20,"column":166},"end":{"line":20,"column":183}}],"line":20}},"s":{"0":10,"1":10},"f":{"0":10},"b":{"0":[10,0],"1":[0,10],"2":[10,0],"3":[10,0],"4":[10,0],"5":[0,10],"6":[0,10],"7":[10,0],"8":[10,0]},"_coverageSchema":"1a1c01bbd47fc00a2c39e90264f33305004495a9","hash":"47d5360a469330d952290a641b9deca0782ee0c2"}
,"C:\\TRABAJO\\rickandmortyapp\\src\\components\\card\\infocontent\\index.js": {"path":"C:\\TRABAJO\\rickandmortyapp\\src\\components\\card\\infocontent\\index.js","statementMap":{"0":{"start":{"line":3,"column":27},"end":{"line":6,"column":1}}},"fnMap":{},"branchMap":{},"s":{"0":3},"f":{},"b":{},"_coverageSchema":"1a1c01bbd47fc00a2c39e90264f33305004495a9","hash":"6d99226b926c28f3bc92ee2b0ca78b47e3aea8df"}
,"C:\\TRABAJO\\rickandmortyapp\\src\\components\\card\\styledcard\\index.js": {"path":"C:\\TRABAJO\\rickandmortyapp\\src\\components\\card\\styledcard\\index.js","statementMap":{"0":{"start":{"line":4,"column":26},"end":{"line":34,"column":1}},"1":{"start":{"line":11,"column":35},"end":{"line":11,"column":87}}},"fnMap":{"0":{"name":"(anonymous_0)","decl":{"start":{"line":11,"column":24},"end":{"line":11,"column":25}},"loc":{"start":{"line":11,"column":35},"end":{"line":11,"column":87}},"line":11}},"branchMap":{"0":{"loc":{"start":{"line":11,"column":35},"end":{"line":11,"column":87}},"type":"cond-expr","locations":[{"start":{"line":11,"column":57},"end":{"line":11,"column":63}},{"start":{"line":11,"column":64},"end":{"line":11,"column":87}}],"line":11}},"s":{"0":4,"1":11},"f":{"0":11},"b":{"0":[2,9]},"_coverageSchema":"1a1c01bbd47fc00a2c39e90264f33305004495a9","hash":"6a7606d2c60d135a74db2c3deb372e568132c1ff"}
,"C:\\TRABAJO\\rickandmortyapp\\src\\components\\card\\styledimg\\index.js": {"path":"C:\\TRABAJO\\rickandmortyapp\\src\\components\\card\\styledimg\\index.js","statementMap":{"0":{"start":{"line":3,"column":25},"end":{"line":26,"column":1}}},"fnMap":{},"branchMap":{},"s":{"0":3},"f":{},"b":{},"_coverageSchema":"1a1c01bbd47fc00a2c39e90264f33305004495a9","hash":"6a831a3e4a5fb477d1dd672f79f90f9fcd92c857"}
,"C:\\TRABAJO\\rickandmortyapp\\src\\components\\card\\textcontent\\index.js": {"path":"C:\\TRABAJO\\rickandmortyapp\\src\\components\\card\\textcontent\\index.js","statementMap":{"0":{"start":{"line":3,"column":27},"end":{"line":6,"column":1}}},"fnMap":{},"branchMap":{},"s":{"0":3},"f":{},"b":{},"_coverageSchema":"1a1c01bbd47fc00a2c39e90264f33305004495a9","hash":"68ba7b98db13ef9a25864dea2a4286d5acdff23f"}
,"C:\\TRABAJO\\rickandmortyapp\\src\\components\\card\\title\\index.js": {"path":"C:\\TRABAJO\\rickandmortyapp\\src\\components\\card\\title\\index.js","statementMap":{"0":{"start":{"line":3,"column":21},"end":{"line":9,"column":1}},"1":{"start":{"line":4,"column":22},"end":{"line":4,"column":44}}},"fnMap":{"0":{"name":"(anonymous_0)","decl":{"start":{"line":4,"column":13},"end":{"line":4,"column":14}},"loc":{"start":{"line":4,"column":22},"end":{"line":4,"column":44}},"line":4}},"branchMap":{"0":{"loc":{"start":{"line":4,"column":22},"end":{"line":4,"column":44}},"type":"binary-expr","locations":[{"start":{"line":4,"column":22},"end":{"line":4,"column":33}},{"start":{"line":4,"column":37},"end":{"line":4,"column":44}}],"line":4}},"s":{"0":3,"1":10},"f":{"0":10},"b":{"0":[10,10]},"_coverageSchema":"1a1c01bbd47fc00a2c39e90264f33305004495a9","hash":"0a12da427db66193c8633caed383a1226cb086d7"}
,"C:\\TRABAJO\\rickandmortyapp\\src\\components\\containercards\\index.js": {"path":"C:\\TRABAJO\\rickandmortyapp\\src\\components\\containercards\\index.js","statementMap":{"0":{"start":{"line":3,"column":30},"end":{"line":9,"column":1}},"1":{"start":{"line":4,"column":33},"end":{"line":4,"column":51}}},"fnMap":{"0":{"name":"(anonymous_0)","decl":{"start":{"line":4,"column":24},"end":{"line":4,"column":25}},"loc":{"start":{"line":4,"column":33},"end":{"line":4,"column":51}},"line":4}},"branchMap":{"0":{"loc":{"start":{"line":4,"column":33},"end":{"line":4,"column":51}},"type":"binary-expr","locations":[{"start":{"line":4,"column":33},"end":{"line":4,"column":41}},{"start":{"line":4,"column":45},"end":{"line":4,"column":51}}],"line":4}},"s":{"0":3,"1":3},"f":{"0":3},"b":{"0":[3,0]},"_coverageSchema":"1a1c01bbd47fc00a2c39e90264f33305004495a9","hash":"6a55ad6ad2a612d4b06841b94d36765d679ea747"}
,"C:\\TRABAJO\\rickandmortyapp\\src\\components\\contentnotfound\\index.js": {"path":"C:\\TRABAJO\\rickandmortyapp\\src\\components\\contentnotfound\\index.js","statementMap":{"0":{"start":{"line":3,"column":38},"end":{"line":10,"column":1}}},"fnMap":{},"branchMap":{},"s":{"0":5},"f":{},"b":{},"_coverageSchema":"1a1c01bbd47fc00a2c39e90264f33305004495a9","hash":"a3f7d26c0972a85ebecaf26566f15d506e96175e"}
,"C:\\TRABAJO\\rickandmortyapp\\src\\components\\error\\index.js": {"path":"C:\\TRABAJO\\rickandmortyapp\\src\\components\\error\\index.js","statementMap":{"0":{"start":{"line":9,"column":2},"end":{"line":15,"column":4}}},"fnMap":{"0":{"name":"ErrorPage","decl":{"start":{"line":7,"column":9},"end":{"line":7,"column":18}},"loc":{"start":{"line":7,"column":59},"end":{"line":16,"column":1}},"line":7}},"branchMap":{"0":{"loc":{"start":{"line":11,"column":42},"end":{"line":11,"column":58}},"type":"binary-expr","locations":[{"start":{"line":11,"column":42},"end":{"line":11,"column":47}},{"start":{"line":11,"column":51},"end":{"line":11,"column":58}}],"line":11},"1":{"loc":{"start":{"line":12,"column":34},"end":{"line":12,"column":51}},"type":"binary-expr","locations":[{"start":{"line":12,"column":34},"end":{"line":12,"column":39}},{"start":{"line":12,"column":43},"end":{"line":12,"column":51}}],"line":12},"2":{"loc":{"start":{"line":13,"column":12},"end":{"line":13,"column":40}},"type":"binary-expr","locations":[{"start":{"line":13,"column":12},"end":{"line":13,"column":19}},{"start":{"line":13,"column":22},"end":{"line":13,"column":40}}],"line":13}},"s":{"0":6},"f":{"0":6},"b":{"0":[6,0],"1":[6,0],"2":[6,0]},"_coverageSchema":"1a1c01bbd47fc00a2c39e90264f33305004495a9","hash":"98a15c9af13004ff7ce1599275cd3762a492c154"}
,"C:\\TRABAJO\\rickandmortyapp\\src\\components\\header\\index.js": {"path":"C:\\TRABAJO\\rickandmortyapp\\src\\components\\header\\index.js","statementMap":{"0":{"start":{"line":17,"column":4},"end":{"line":31,"column":5}}},"fnMap":{"0":{"name":"Header","decl":{"start":{"line":15,"column":9},"end":{"line":15,"column":15}},"loc":{"start":{"line":15,"column":17},"end":{"line":32,"column":1}},"line":15}},"branchMap":{},"s":{"0":4},"f":{"0":4},"b":{},"_coverageSchema":"1a1c01bbd47fc00a2c39e90264f33305004495a9","hash":"52a736c3d70cf93994ed24e7b01d0b24c7f1f7d6"}
,"C:\\TRABAJO\\rickandmortyapp\\src\\components\\header\\colorpick\\index.js": {"path":"C:\\TRABAJO\\rickandmortyapp\\src\\components\\header\\colorpick\\index.js","statementMap":{"0":{"start":{"line":14,"column":43},"end":{"line":14,"column":58}},"1":{"start":{"line":16,"column":22},"end":{"line":16,"column":53}},"2":{"start":{"line":16,"column":42},"end":{"line":16,"column":52}},"3":{"start":{"line":18,"column":4},"end":{"line":29,"column":5}},"4":{"start":{"line":22,"column":82},"end":{"line":22,"column":108}},"5":{"start":{"line":25,"column":35},"end":{"line":25,"column":61}},"6":{"start":{"line":33,"column":24},"end":{"line":37,"column":1}},"7":{"start":{"line":34,"column":4},"end":{"line":36,"column":5}},"8":{"start":{"line":39,"column":27},"end":{"line":44,"column":1}},"9":{"start":{"line":40,"column":4},"end":{"line":43,"column":5}},"10":{"start":{"line":41,"column":33},"end":{"line":41,"column":61}},"11":{"start":{"line":42,"column":28},"end":{"line":42,"column":56}}},"fnMap":{"0":{"name":"ColorPicker","decl":{"start":{"line":12,"column":9},"end":{"line":12,"column":20}},"loc":{"start":{"line":12,"column":53},"end":{"line":30,"column":1}},"line":12},"1":{"name":"(anonymous_1)","decl":{"start":{"line":16,"column":34},"end":{"line":16,"column":35}},"loc":{"start":{"line":16,"column":42},"end":{"line":16,"column":52}},"line":16},"2":{"name":"(anonymous_2)","decl":{"start":{"line":22,"column":67},"end":{"line":22,"column":68}},"loc":{"start":{"line":22,"column":82},"end":{"line":22,"column":108}},"line":22},"3":{"name":"(anonymous_3)","decl":{"start":{"line":25,"column":29},"end":{"line":25,"column":30}},"loc":{"start":{"line":25,"column":35},"end":{"line":25,"column":61}},"line":25},"4":{"name":"(anonymous_4)","decl":{"start":{"line":33,"column":24},"end":{"line":33,"column":25}},"loc":{"start":{"line":33,"column":34},"end":{"line":37,"column":1}},"line":33},"5":{"name":"(anonymous_5)","decl":{"start":{"line":39,"column":27},"end":{"line":39,"column":28}},"loc":{"start":{"line":39,"column":40},"end":{"line":44,"column":1}},"line":39},"6":{"name":"(anonymous_6)","decl":{"start":{"line":41,"column":21},"end":{"line":41,"column":22}},"loc":{"start":{"line":41,"column":32},"end":{"line":41,"column":62}},"line":41},"7":{"name":"(anonymous_7)","decl":{"start":{"line":42,"column":21},"end":{"line":42,"column":22}},"loc":{"start":{"line":42,"column":27},"end":{"line":42,"column":57}},"line":42}},"branchMap":{"0":{"loc":{"start":{"line":20,"column":13},"end":{"line":24,"column":18}},"type":"cond-expr","locations":[{"start":{"line":21,"column":16},"end":{"line":23,"column":33}},{"start":{"line":24,"column":14},"end":{"line":24,"column":18}}],"line":20},"1":{"loc":{"start":{"line":26,"column":17},"end":{"line":26,"column":50}},"type":"cond-expr","locations":[{"start":{"line":26,"column":30},"end":{"line":26,"column":37}},{"start":{"line":26,"column":40},"end":{"line":26,"column":50}}],"line":26}},"s":{"0":7,"1":7,"2":7,"3":7,"4":0,"5":1,"6":3,"7":6,"8":3,"9":6,"10":0,"11":0},"f":{"0":7,"1":7,"2":0,"3":1,"4":6,"5":6,"6":0,"7":0},"b":{"0":[1,6],"1":[1,6]},"_coverageSchema":"1a1c01bbd47fc00a2c39e90264f33305004495a9","hash":"60cafc1fc22461b3c2b634447f4a91a829c76aa8"}
,"C:\\TRABAJO\\rickandmortyapp\\src\\components\\header\\colorpick\\button\\index.js": {"path":"C:\\TRABAJO\\rickandmortyapp\\src\\components\\header\\colorpick\\button\\index.js","statementMap":{"0":{"start":{"line":3,"column":22},"end":{"line":15,"column":1}}},"fnMap":{},"branchMap":{},"s":{"0":3},"f":{},"b":{},"_coverageSchema":"1a1c01bbd47fc00a2c39e90264f33305004495a9","hash":"e975321a61d4770da49e21c927715040ebbb5736"}
,"C:\\TRABAJO\\rickandmortyapp\\src\\components\\header\\colorpick\\container\\index.js": {"path":"C:\\TRABAJO\\rickandmortyapp\\src\\components\\header\\colorpick\\container\\index.js","statementMap":{"0":{"start":{"line":3,"column":25},"end":{"line":5,"column":1}}},"fnMap":{},"branchMap":{},"s":{"0":3},"f":{},"b":{},"_coverageSchema":"1a1c01bbd47fc00a2c39e90264f33305004495a9","hash":"22b09c763a59f10283c98bf9247182875479dd38"}
,"C:\\TRABAJO\\rickandmortyapp\\src\\components\\header\\colorpick\\containerColor\\index.js": {"path":"C:\\TRABAJO\\rickandmortyapp\\src\\components\\header\\colorpick\\containerColor\\index.js","statementMap":{"0":{"start":{"line":3,"column":30},"end":{"line":7,"column":1}}},"fnMap":{},"branchMap":{},"s":{"0":3},"f":{},"b":{},"_coverageSchema":"1a1c01bbd47fc00a2c39e90264f33305004495a9","hash":"9d227a463616b973c25d7ceaebfd57d0913ff152"}
,"C:\\TRABAJO\\rickandmortyapp\\src\\components\\header\\img\\index.js": {"path":"C:\\TRABAJO\\rickandmortyapp\\src\\components\\header\\img\\index.js","statementMap":{"0":{"start":{"line":3,"column":25},"end":{"line":6,"column":1}}},"fnMap":{},"branchMap":{},"s":{"0":2},"f":{},"b":{},"_coverageSchema":"1a1c01bbd47fc00a2c39e90264f33305004495a9","hash":"2182f8098fdcae65c629b87caade3818e2c1a525"}
,"C:\\TRABAJO\\rickandmortyapp\\src\\components\\header\\link\\index.js": {"path":"C:\\TRABAJO\\rickandmortyapp\\src\\components\\header\\link\\index.js","statementMap":{"0":{"start":{"line":4,"column":26},"end":{"line":14,"column":1}},"1":{"start":{"line":9,"column":23},"end":{"line":9,"column":47}}},"fnMap":{"0":{"name":"(anonymous_0)","decl":{"start":{"line":9,"column":14},"end":{"line":9,"column":15}},"loc":{"start":{"line":9,"column":23},"end":{"line":9,"column":47}},"line":9}},"branchMap":{"0":{"loc":{"start":{"line":9,"column":23},"end":{"line":9,"column":47}},"type":"binary-expr","locations":[{"start":{"line":9,"column":23},"end":{"line":9,"column":34}},{"start":{"line":9,"column":38},"end":{"line":9,"column":47}}],"line":9}},"s":{"0":2,"1":4},"f":{"0":4},"b":{"0":[4,4]},"_coverageSchema":"1a1c01bbd47fc00a2c39e90264f33305004495a9","hash":"b29252af09119190dd8d9b133183f41f53173dd1"}
,"C:\\TRABAJO\\rickandmortyapp\\src\\components\\header\\linkslist\\index.js": {"path":"C:\\TRABAJO\\rickandmortyapp\\src\\components\\header\\linkslist\\index.js","statementMap":{"0":{"start":{"line":3,"column":31},"end":{"line":5,"column":1}}},"fnMap":{},"branchMap":{},"s":{"0":2},"f":{},"b":{},"_coverageSchema":"1a1c01bbd47fc00a2c39e90264f33305004495a9","hash":"9b2ea990313c63576b88a8a25c4834c696b56010"}
,"C:\\TRABAJO\\rickandmortyapp\\src\\components\\header\\nav\\index.js": {"path":"C:\\TRABAJO\\rickandmortyapp\\src\\components\\header\\nav\\index.js","statementMap":{"0":{"start":{"line":3,"column":25},"end":{"line":9,"column":1}}},"fnMap":{},"branchMap":{},"s":{"0":2},"f":{},"b":{},"_coverageSchema":"1a1c01bbd47fc00a2c39e90264f33305004495a9","hash":"0194bdd58859bd526338c2cf91857714caa86177"}
,"C:\\TRABAJO\\rickandmortyapp\\src\\components\\horizontalcard\\index.js": {"path":"C:\\TRABAJO\\rickandmortyapp\\src\\components\\horizontalcard\\index.js","statementMap":{"0":{"start":{"line":12,"column":72},"end":{"line":12,"column":82}},"1":{"start":{"line":14,"column":4},"end":{"line":31,"column":5}}},"fnMap":{"0":{"name":"HorizontalCard","decl":{"start":{"line":10,"column":9},"end":{"line":10,"column":23}},"loc":{"start":{"line":10,"column":32},"end":{"line":32,"column":1}},"line":10}},"branchMap":{"0":{"loc":{"start":{"line":12,"column":72},"end":{"line":12,"column":82}},"type":"binary-expr","locations":[{"start":{"line":12,"column":72},"end":{"line":12,"column":76}},{"start":{"line":12,"column":80},"end":{"line":12,"column":82}}],"line":12},"1":{"loc":{"start":{"line":14,"column":11},"end":{"line":31,"column":5}},"type":"cond-expr","locations":[{"start":{"line":14,"column":39},"end":{"line":14,"column":60}},{"start":{"line":15,"column":8},"end":{"line":30,"column":31}}],"line":14},"2":{"loc":{"start":{"line":16,"column":28},"end":{"line":16,"column":53}},"type":"binary-expr","locations":[{"start":{"line":16,"column":28},"end":{"line":16,"column":33}},{"start":{"line":16,"column":37},"end":{"line":16,"column":53}}],"line":16},"3":{"loc":{"start":{"line":16,"column":60},"end":{"line":16,"column":83}},"type":"binary-expr","locations":[{"start":{"line":16,"column":60},"end":{"line":16,"column":64}},{"start":{"line":16,"column":68},"end":{"line":16,"column":83}}],"line":16},"4":{"loc":{"start":{"line":18,"column":58},"end":{"line":18,"column":80}},"type":"binary-expr","locations":[{"start":{"line":18,"column":58},"end":{"line":18,"column":62}},{"start":{"line":18,"column":66},"end":{"line":18,"column":80}}],"line":18},"5":{"loc":{"start":{"line":19,"column":75},"end":{"line":19,"column":145}},"type":"cond-expr","locations":[{"start":{"line":19,"column":96},"end":{"line":19,"column":103}},{"start":{"line":19,"column":106},"end":{"line":19,"column":145}}],"line":19},"6":{"loc":{"start":{"line":19,"column":106},"end":{"line":19,"column":145}},"type":"cond-expr","locations":[{"start":{"line":19,"column":129},"end":{"line":19,"column":137}},{"start":{"line":19,"column":140},"end":{"line":19,"column":145}}],"line":19},"7":{"loc":{"start":{"line":19,"column":151},"end":{"line":19,"column":177}},"type":"binary-expr","locations":[{"start":{"line":19,"column":151},"end":{"line":19,"column":157}},{"start":{"line":19,"column":161},"end":{"line":19,"column":177}}],"line":19},"8":{"loc":{"start":{"line":19,"column":182},"end":{"line":19,"column":210}},"type":"binary-expr","locations":[{"start":{"line":19,"column":182},"end":{"line":19,"column":189}},{"start":{"line":19,"column":193},"end":{"line":19,"column":210}}],"line":19},"9":{"loc":{"start":{"line":22,"column":57},"end":{"line":22,"column":83}},"type":"binary-expr","locations":[{"start":{"line":22,"column":57},"end":{"line":22,"column":63}},{"start":{"line":22,"column":67},"end":{"line":22,"column":83}}],"line":22},"10":{"loc":{"start":{"line":25,"column":57},"end":{"line":25,"column":93}},"type":"binary-expr","locations":[{"start":{"line":25,"column":57},"end":{"line":25,"column":71}},{"start":{"line":25,"column":75},"end":{"line":25,"column":93}}],"line":25},"11":{"loc":{"start":{"line":28,"column":57},"end":{"line":28,"column":89}},"type":"binary-expr","locations":[{"start":{"line":28,"column":57},"end":{"line":28,"column":69}},{"start":{"line":28,"column":73},"end":{"line":28,"column":89}}],"line":28}},"s":{"0":5,"1":5},"f":{"0":5},"b":{"0":[5,0],"1":[0,5],"2":[5,0],"3":[5,0],"4":[5,0],"5":[1,4],"6":[0,4],"7":[5,0],"8":[5,0],"9":[5,0],"10":[5,0],"11":[5,0]},"_coverageSchema":"1a1c01bbd47fc00a2c39e90264f33305004495a9","hash":"de39f8f9d98bea5da26f18cb00e382d9cbe30b37"}
,"C:\\TRABAJO\\rickandmortyapp\\src\\components\\horizontalcard\\circlespan\\index.js": {"path":"C:\\TRABAJO\\rickandmortyapp\\src\\components\\horizontalcard\\circlespan\\index.js","statementMap":{"0":{"start":{"line":3,"column":26},"end":{"line":19,"column":1}},"1":{"start":{"line":6,"column":33},"end":{"line":6,"column":55}}},"fnMap":{"0":{"name":"(anonymous_0)","decl":{"start":{"line":6,"column":24},"end":{"line":6,"column":25}},"loc":{"start":{"line":6,"column":33},"end":{"line":6,"column":55}},"line":6}},"branchMap":{"0":{"loc":{"start":{"line":6,"column":33},"end":{"line":6,"column":55}},"type":"binary-expr","locations":[{"start":{"line":6,"column":33},"end":{"line":6,"column":44}},{"start":{"line":6,"column":48},"end":{"line":6,"column":55}}],"line":6}},"s":{"0":5,"1":15},"f":{"0":15},"b":{"0":[15,0]},"_coverageSchema":"1a1c01bbd47fc00a2c39e90264f33305004495a9","hash":"076999f472d67d087a332b9f89f6e4dfa146e380"}
,"C:\\TRABAJO\\rickandmortyapp\\src\\components\\horizontalcard\\img\\index.js": {"path":"C:\\TRABAJO\\rickandmortyapp\\src\\components\\horizontalcard\\img\\index.js","statementMap":{"0":{"start":{"line":3,"column":25},"end":{"line":5,"column":1}}},"fnMap":{},"branchMap":{},"s":{"0":3},"f":{},"b":{},"_coverageSchema":"1a1c01bbd47fc00a2c39e90264f33305004495a9","hash":"be66febbb78fa24bc91d3447cd9c871add52c8be"}
,"C:\\TRABAJO\\rickandmortyapp\\src\\components\\horizontalcard\\personalinfo\\index.js": {"path":"C:\\TRABAJO\\rickandmortyapp\\src\\components\\horizontalcard\\personalinfo\\index.js","statementMap":{"0":{"start":{"line":4,"column":35},"end":{"line":7,"column":1}},"1":{"start":{"line":5,"column":28},"end":{"line":5,"column":46}}},"fnMap":{"0":{"name":"(anonymous_0)","decl":{"start":{"line":5,"column":19},"end":{"line":5,"column":20}},"loc":{"start":{"line":5,"column":28},"end":{"line":5,"column":46}},"line":5}},"branchMap":{"0":{"loc":{"start":{"line":5,"column":28},"end":{"line":5,"column":46}},"type":"binary-expr","locations":[{"start":{"line":5,"column":28},"end":{"line":5,"column":36}},{"start":{"line":5,"column":40},"end":{"line":5,"column":46}}],"line":5}},"s":{"0":3,"1":5},"f":{"0":5},"b":{"0":[5,5]},"_coverageSchema":"1a1c01bbd47fc00a2c39e90264f33305004495a9","hash":"aa3f3a776ee10b4d85c6594cd062ae74e1f3133e"}
,"C:\\TRABAJO\\rickandmortyapp\\src\\components\\horizontalcard\\styledhorizontalcard\\index.js": {"path":"C:\\TRABAJO\\rickandmortyapp\\src\\components\\horizontalcard\\styledhorizontalcard\\index.js","statementMap":{"0":{"start":{"line":3,"column":36},"end":{"line":13,"column":1}}},"fnMap":{},"branchMap":{},"s":{"0":3},"f":{},"b":{},"_coverageSchema":"1a1c01bbd47fc00a2c39e90264f33305004495a9","hash":"47704649a508e5552e636dbf2d942bcb81d620b0"}
,"C:\\TRABAJO\\rickandmortyapp\\src\\components\\invalidproperties\\index.js": {"path":"C:\\TRABAJO\\rickandmortyapp\\src\\components\\invalidproperties\\index.js","statementMap":{"0":{"start":{"line":4,"column":4},"end":{"line":8,"column":5}}},"fnMap":{"0":{"name":"InvalidProperties","decl":{"start":{"line":3,"column":9},"end":{"line":3,"column":26}},"loc":{"start":{"line":3,"column":28},"end":{"line":9,"column":1}},"line":3}},"branchMap":{},"s":{"0":1},"f":{"0":1},"b":{},"_coverageSchema":"1a1c01bbd47fc00a2c39e90264f33305004495a9","hash":"84e0f24cde8b87abc6e3be76cfc77eadb6ea8fbf"}
,"C:\\TRABAJO\\rickandmortyapp\\src\\components\\loading\\index.js": {"path":"C:\\TRABAJO\\rickandmortyapp\\src\\components\\loading\\index.js","statementMap":{"0":{"start":{"line":6,"column":4},"end":{"line":10,"column":5}}},"fnMap":{"0":{"name":"LoadingSpinner","decl":{"start":{"line":5,"column":9},"end":{"line":5,"column":23}},"loc":{"start":{"line":5,"column":27},"end":{"line":11,"column":1}},"line":5}},"branchMap":{},"s":{"0":9},"f":{"0":9},"b":{},"_coverageSchema":"1a1c01bbd47fc00a2c39e90264f33305004495a9","hash":"3898ea1b2782764c62d59677c50d7a51643f83a9"}
,"C:\\TRABAJO\\rickandmortyapp\\src\\components\\maintitlesection\\index.js": {"path":"C:\\TRABAJO\\rickandmortyapp\\src\\components\\maintitlesection\\index.js","statementMap":{"0":{"start":{"line":6,"column":4},"end":{"line":26,"column":5}}},"fnMap":{"0":{"name":"MainTitleSection","decl":{"start":{"line":5,"column":9},"end":{"line":5,"column":25}},"loc":{"start":{"line":5,"column":46},"end":{"line":27,"column":1}},"line":5}},"branchMap":{"0":{"loc":{"start":{"line":15,"column":17},"end":{"line":15,"column":33}},"type":"binary-expr","locations":[{"start":{"line":15,"column":17},"end":{"line":15,"column":22}},{"start":{"line":15,"column":26},"end":{"line":15,"column":33}}],"line":15},"1":{"loc":{"start":{"line":23,"column":17},"end":{"line":23,"column":39}},"type":"binary-expr","locations":[{"start":{"line":23,"column":17},"end":{"line":23,"column":25}},{"start":{"line":23,"column":29},"end":{"line":23,"column":39}}],"line":23}},"s":{"0":4},"f":{"0":4},"b":{"0":[4,0],"1":[4,0]},"_coverageSchema":"1a1c01bbd47fc00a2c39e90264f33305004495a9","hash":"c5086a401b1dddda648610a0c22eadb6b9c17111"}
,"C:\\TRABAJO\\rickandmortyapp\\src\\components\\maintitlesection\\maintitlecontent\\index.js": {"path":"C:\\TRABAJO\\rickandmortyapp\\src\\components\\maintitlesection\\maintitlecontent\\index.js","statementMap":{"0":{"start":{"line":3,"column":32},"end":{"line":5,"column":1}}},"fnMap":{},"branchMap":{},"s":{"0":3},"f":{},"b":{},"_coverageSchema":"1a1c01bbd47fc00a2c39e90264f33305004495a9","hash":"42f26031dd770ef46ea07538b20279053b6949af"}
,"C:\\TRABAJO\\rickandmortyapp\\src\\components\\styledtext\\index.js": {"path":"C:\\TRABAJO\\rickandmortyapp\\src\\components\\styledtext\\index.js","statementMap":{"0":{"start":{"line":3,"column":26},"end":{"line":12,"column":1}},"1":{"start":{"line":4,"column":22},"end":{"line":4,"column":44}},"2":{"start":{"line":6,"column":27},"end":{"line":6,"column":47}},"3":{"start":{"line":7,"column":30},"end":{"line":7,"column":51}},"4":{"start":{"line":8,"column":29},"end":{"line":8,"column":63}},"5":{"start":{"line":11,"column":28},"end":{"line":11,"column":49}}},"fnMap":{"0":{"name":"(anonymous_0)","decl":{"start":{"line":4,"column":13},"end":{"line":4,"column":14}},"loc":{"start":{"line":4,"column":22},"end":{"line":4,"column":44}},"line":4},"1":{"name":"(anonymous_1)","decl":{"start":{"line":6,"column":18},"end":{"line":6,"column":19}},"loc":{"start":{"line":6,"column":27},"end":{"line":6,"column":47}},"line":6},"2":{"name":"(anonymous_2)","decl":{"start":{"line":7,"column":21},"end":{"line":7,"column":22}},"loc":{"start":{"line":7,"column":30},"end":{"line":7,"column":51}},"line":7},"3":{"name":"(anonymous_3)","decl":{"start":{"line":8,"column":19},"end":{"line":8,"column":20}},"loc":{"start":{"line":8,"column":29},"end":{"line":8,"column":63}},"line":8},"4":{"name":"(anonymous_4)","decl":{"start":{"line":11,"column":19},"end":{"line":11,"column":20}},"loc":{"start":{"line":11,"column":28},"end":{"line":11,"column":49}},"line":11}},"branchMap":{"0":{"loc":{"start":{"line":4,"column":22},"end":{"line":4,"column":44}},"type":"binary-expr","locations":[{"start":{"line":4,"column":22},"end":{"line":4,"column":33}},{"start":{"line":4,"column":37},"end":{"line":4,"column":44}}],"line":4},"1":{"loc":{"start":{"line":6,"column":27},"end":{"line":6,"column":47}},"type":"binary-expr","locations":[{"start":{"line":6,"column":27},"end":{"line":6,"column":37}},{"start":{"line":6,"column":41},"end":{"line":6,"column":47}}],"line":6},"2":{"loc":{"start":{"line":7,"column":30},"end":{"line":7,"column":51}},"type":"binary-expr","locations":[{"start":{"line":7,"column":30},"end":{"line":7,"column":42}},{"start":{"line":7,"column":46},"end":{"line":7,"column":51}}],"line":7},"3":{"loc":{"start":{"line":8,"column":29},"end":{"line":8,"column":63}},"type":"cond-expr","locations":[{"start":{"line":8,"column":44},"end":{"line":8,"column":52}},{"start":{"line":8,"column":55},"end":{"line":8,"column":63}}],"line":8},"4":{"loc":{"start":{"line":11,"column":28},"end":{"line":11,"column":49}},"type":"binary-expr","locations":[{"start":{"line":11,"column":28},"end":{"line":11,"column":39}},{"start":{"line":11,"column":43},"end":{"line":11,"column":49}}],"line":11}},"s":{"0":5,"1":48,"2":48,"3":48,"4":48,"5":48},"f":{"0":48,"1":48,"2":48,"3":48,"4":48},"b":{"0":[48,0],"1":[48,5],"2":[48,20],"3":[4,44],"4":[48,40]},"_coverageSchema":"1a1c01bbd47fc00a2c39e90264f33305004495a9","hash":"0c62f5343a1664ab01137ab380e79b174a954fc7"}
,"C:\\TRABAJO\\rickandmortyapp\\src\\components\\title\\index.js": {"path":"C:\\TRABAJO\\rickandmortyapp\\src\\components\\title\\index.js","statementMap":{"0":{"start":{"line":3,"column":28},"end":{"line":6,"column":1}},"1":{"start":{"line":5,"column":23},"end":{"line":5,"column":47}}},"fnMap":{"0":{"name":"(anonymous_0)","decl":{"start":{"line":5,"column":14},"end":{"line":5,"column":15}},"loc":{"start":{"line":5,"column":23},"end":{"line":5,"column":47}},"line":5}},"branchMap":{"0":{"loc":{"start":{"line":5,"column":23},"end":{"line":5,"column":47}},"type":"binary-expr","locations":[{"start":{"line":5,"column":23},"end":{"line":5,"column":34}},{"start":{"line":5,"column":38},"end":{"line":5,"column":47}}],"line":5}},"s":{"0":4,"1":6},"f":{"0":6},"b":{"0":[6,0]},"_coverageSchema":"1a1c01bbd47fc00a2c39e90264f33305004495a9","hash":"0f27a857fb00fecdf84300b36603edfff9fd2ed0"}
,"C:\\TRABAJO\\rickandmortyapp\\src\\graphql\\individualdata.graphql.js": {"path":"C:\\TRABAJO\\rickandmortyapp\\src\\graphql\\individualdata.graphql.js","statementMap":{"0":{"start":{"line":3,"column":28},"end":{"line":20,"column":1}}},"fnMap":{},"branchMap":{},"s":{"0":2},"f":{},"b":{},"_coverageSchema":"1a1c01bbd47fc00a2c39e90264f33305004495a9","hash":"cba6070dce2882556bf48511623d9c907a05c751"}
,"C:\\TRABAJO\\rickandmortyapp\\src\\graphql\\initialData.graphql.js": {"path":"C:\\TRABAJO\\rickandmortyapp\\src\\graphql\\initialData.graphql.js","statementMap":{"0":{"start":{"line":3,"column":17},"end":{"line":14,"column":1}}},"fnMap":{},"branchMap":{},"s":{"0":2},"f":{},"b":{},"_coverageSchema":"1a1c01bbd47fc00a2c39e90264f33305004495a9","hash":"2f931a728af83f3bf4bba1de23bec9f403a1f3b0"}
,"C:\\TRABAJO\\rickandmortyapp\\src\\layouts\\default\\index.js": {"path":"C:\\TRABAJO\\rickandmortyapp\\src\\layouts\\default\\index.js","statementMap":{"0":{"start":{"line":7,"column":4},"end":{"line":16,"column":5}}},"fnMap":{"0":{"name":"DefaultLayout","decl":{"start":{"line":5,"column":9},"end":{"line":5,"column":22}},"loc":{"start":{"line":5,"column":34},"end":{"line":17,"column":1}},"line":5}},"branchMap":{},"s":{"0":1},"f":{"0":1},"b":{},"_coverageSchema":"1a1c01bbd47fc00a2c39e90264f33305004495a9","hash":"a2550e090cd19082724f858ff4043ed4ee59ef94"}
,"C:\\TRABAJO\\rickandmortyapp\\src\\redux\\actions\\changecolor.js": {"path":"C:\\TRABAJO\\rickandmortyapp\\src\\redux\\actions\\changecolor.js","statementMap":{"0":{"start":{"line":3,"column":27},"end":{"line":10,"column":1}},"1":{"start":{"line":4,"column":4},"end":{"line":9,"column":5}}},"fnMap":{"0":{"name":"(anonymous_0)","decl":{"start":{"line":3,"column":27},"end":{"line":3,"column":28}},"loc":{"start":{"line":3,"column":37},"end":{"line":10,"column":1}},"line":3}},"branchMap":{},"s":{"0":4,"1":1},"f":{"0":1},"b":{},"_coverageSchema":"1a1c01bbd47fc00a2c39e90264f33305004495a9","hash":"1b02509ed4555ee6a87a57c324e9703138f5c8ac"}
,"C:\\TRABAJO\\rickandmortyapp\\src\\redux\\actions\\changelenghtcharacters.js": {"path":"C:\\TRABAJO\\rickandmortyapp\\src\\redux\\actions\\changelenghtcharacters.js","statementMap":{"0":{"start":{"line":3,"column":38},"end":{"line":10,"column":1}},"1":{"start":{"line":4,"column":4},"end":{"line":9,"column":5}}},"fnMap":{"0":{"name":"(anonymous_0)","decl":{"start":{"line":3,"column":38},"end":{"line":3,"column":39}},"loc":{"start":{"line":3,"column":48},"end":{"line":10,"column":1}},"line":3}},"branchMap":{},"s":{"0":3,"1":5},"f":{"0":5},"b":{},"_coverageSchema":"1a1c01bbd47fc00a2c39e90264f33305004495a9","hash":"1b3594476d207b5d52fc9d9545523d8ec1684546"}
,"C:\\TRABAJO\\rickandmortyapp\\src\\redux\\actions\\charactersInitiallength.js": {"path":"C:\\TRABAJO\\rickandmortyapp\\src\\redux\\actions\\charactersInitiallength.js","statementMap":{"0":{"start":{"line":3,"column":36},"end":{"line":10,"column":1}},"1":{"start":{"line":4,"column":4},"end":{"line":9,"column":5}}},"fnMap":{"0":{"name":"(anonymous_0)","decl":{"start":{"line":3,"column":36},"end":{"line":3,"column":37}},"loc":{"start":{"line":3,"column":42},"end":{"line":10,"column":1}},"line":3}},"branchMap":{},"s":{"0":1,"1":1},"f":{"0":1},"b":{},"_coverageSchema":"1a1c01bbd47fc00a2c39e90264f33305004495a9","hash":"6d91a8940cddf4c6a5ee14a40e87e989f066e12e"}
,"C:\\TRABAJO\\rickandmortyapp\\src\\redux\\actions\\colorInitialLoad.js": {"path":"C:\\TRABAJO\\rickandmortyapp\\src\\redux\\actions\\colorInitialLoad.js","statementMap":{"0":{"start":{"line":3,"column":32},"end":{"line":10,"column":1}},"1":{"start":{"line":4,"column":4},"end":{"line":9,"column":5}}},"fnMap":{"0":{"name":"(anonymous_0)","decl":{"start":{"line":3,"column":32},"end":{"line":3,"column":33}},"loc":{"start":{"line":3,"column":38},"end":{"line":10,"column":1}},"line":3}},"branchMap":{},"s":{"0":4,"1":1},"f":{"0":1},"b":{},"_coverageSchema":"1a1c01bbd47fc00a2c39e90264f33305004495a9","hash":"ffd3a3ce527e08e375b32b058c1b69fc50eef793"}
,"C:\\TRABAJO\\rickandmortyapp\\src\\redux\\reducers\\characters.js": {"path":"C:\\TRABAJO\\rickandmortyapp\\src\\redux\\reducers\\characters.js","statementMap":{"0":{"start":{"line":3,"column":21},"end":{"line":5,"column":1}},"1":{"start":{"line":7,"column":32},"end":{"line":16,"column":1}},"2":{"start":{"line":8,"column":4},"end":{"line":15,"column":5}},"3":{"start":{"line":10,"column":12},"end":{"line":10,"column":52}},"4":{"start":{"line":12,"column":12},"end":{"line":12,"column":33}},"5":{"start":{"line":14,"column":12},"end":{"line":14,"column":24}}},"fnMap":{"0":{"name":"(anonymous_0)","decl":{"start":{"line":7,"column":32},"end":{"line":7,"column":33}},"loc":{"start":{"line":7,"column":66},"end":{"line":16,"column":1}},"line":7}},"branchMap":{"0":{"loc":{"start":{"line":7,"column":33},"end":{"line":7,"column":53}},"type":"default-arg","locations":[{"start":{"line":7,"column":41},"end":{"line":7,"column":53}}],"line":7},"1":{"loc":{"start":{"line":8,"column":4},"end":{"line":15,"column":5}},"type":"switch","locations":[{"start":{"line":9,"column":8},"end":{"line":10,"column":52}},{"start":{"line":11,"column":8},"end":{"line":12,"column":33}},{"start":{"line":13,"column":8},"end":{"line":14,"column":24}}],"line":8}},"s":{"0":5,"1":5,"2":21,"3":5,"4":1,"5":15},"f":{"0":21},"b":{"0":[13],"1":[5,1,15]},"_coverageSchema":"1a1c01bbd47fc00a2c39e90264f33305004495a9","hash":"93e5e66d4dc551c123b2775c90b6206401223fe7"}
,"C:\\TRABAJO\\rickandmortyapp\\src\\redux\\reducers\\color.js": {"path":"C:\\TRABAJO\\rickandmortyapp\\src\\redux\\reducers\\color.js","statementMap":{"0":{"start":{"line":3,"column":21},"end":{"line":5,"column":1}},"1":{"start":{"line":7,"column":28},"end":{"line":16,"column":1}},"2":{"start":{"line":8,"column":4},"end":{"line":15,"column":5}},"3":{"start":{"line":10,"column":12},"end":{"line":10,"column":51}},"4":{"start":{"line":12,"column":12},"end":{"line":12,"column":40}},"5":{"start":{"line":14,"column":12},"end":{"line":14,"column":24}}},"fnMap":{"0":{"name":"(anonymous_0)","decl":{"start":{"line":7,"column":28},"end":{"line":7,"column":29}},"loc":{"start":{"line":7,"column":62},"end":{"line":16,"column":1}},"line":7}},"branchMap":{"0":{"loc":{"start":{"line":7,"column":29},"end":{"line":7,"column":49}},"type":"default-arg","locations":[{"start":{"line":7,"column":37},"end":{"line":7,"column":49}}],"line":7},"1":{"loc":{"start":{"line":8,"column":4},"end":{"line":15,"column":5}},"type":"switch","locations":[{"start":{"line":9,"column":8},"end":{"line":10,"column":51}},{"start":{"line":11,"column":8},"end":{"line":12,"column":40}},{"start":{"line":13,"column":8},"end":{"line":14,"column":24}}],"line":8}},"s":{"0":5,"1":5,"2":21,"3":1,"4":1,"5":19},"f":{"0":21},"b":{"0":[13],"1":[1,1,19]},"_coverageSchema":"1a1c01bbd47fc00a2c39e90264f33305004495a9","hash":"f26bbf68df6f532e4bed3a543c11f6dfae3a77cd"}
,"C:\\TRABAJO\\rickandmortyapp\\src\\redux\\reducers\\root-reducer.js": {"path":"C:\\TRABAJO\\rickandmortyapp\\src\\redux\\reducers\\root-reducer.js","statementMap":{"0":{"start":{"line":9,"column":22},"end":{"line":13,"column":1}},"1":{"start":{"line":17,"column":20},"end":{"line":20,"column":2}},"2":{"start":{"line":22,"column":29},"end":{"line":22,"column":71}}},"fnMap":{},"branchMap":{},"s":{"0":4,"1":4,"2":4},"f":{},"b":{},"_coverageSchema":"1a1c01bbd47fc00a2c39e90264f33305004495a9","hash":"607d8b072e693d2e35f8b8e2a10b135abadaa058"}
,"C:\\TRABAJO\\rickandmortyapp\\src\\redux\\types\\types.js": {"path":"C:\\TRABAJO\\rickandmortyapp\\src\\redux\\types\\types.js","statementMap":{"0":{"start":{"line":1,"column":14},"end":{"line":6,"column":1}}},"fnMap":{},"branchMap":{},"s":{"0":6},"f":{},"b":{},"_coverageSchema":"1a1c01bbd47fc00a2c39e90264f33305004495a9","hash":"61e208c6521f6047bb96357f669c74fc3691b03f"}
,"C:\\TRABAJO\\rickandmortyapp\\src\\screens\\character\\index.js": {"path":"C:\\TRABAJO\\rickandmortyapp\\src\\screens\\character\\index.js","statementMap":{"0":{"start":{"line":18,"column":18},"end":{"line":18,"column":29}},"1":{"start":{"line":20,"column":35},"end":{"line":22,"column":4}},"2":{"start":{"line":24,"column":2},"end":{"line":33,"column":3}},"3":{"start":{"line":25,"column":4},"end":{"line":32,"column":5}},"4":{"start":{"line":36,"column":2},"end":{"line":42,"column":4}}},"fnMap":{"0":{"name":"Character","decl":{"start":{"line":16,"column":9},"end":{"line":16,"column":18}},"loc":{"start":{"line":16,"column":21},"end":{"line":43,"column":1}},"line":16}},"branchMap":{"0":{"loc":{"start":{"line":24,"column":2},"end":{"line":33,"column":3}},"type":"if","locations":[{"start":{"line":24,"column":2},"end":{"line":33,"column":3}},{"start":{},"end":{}}],"line":24},"1":{"loc":{"start":{"line":36,"column":9},"end":{"line":42,"column":3}},"type":"cond-expr","locations":[{"start":{"line":36,"column":19},"end":{"line":36,"column":36}},{"start":{"line":37,"column":4},"end":{"line":41,"column":29}}],"line":36}},"s":{"0":5,"1":5,"2":5,"3":1,"4":4},"f":{"0":5},"b":{"0":[1,4],"1":[3,1]},"_coverageSchema":"1a1c01bbd47fc00a2c39e90264f33305004495a9","hash":"1e109d1c23801fb46b3bb573e29a8444b2bfc062"}
,"C:\\TRABAJO\\rickandmortyapp\\src\\screens\\home\\index.js": {"path":"C:\\TRABAJO\\rickandmortyapp\\src\\screens\\home\\index.js","statementMap":{"0":{"start":{"line":17,"column":20},"end":{"line":17,"column":51}},"1":{"start":{"line":17,"column":40},"end":{"line":17,"column":50}},"2":{"start":{"line":18,"column":35},"end":{"line":18,"column":53}},"3":{"start":{"line":20,"column":2},"end":{"line":26,"column":4}},"4":{"start":{"line":21,"column":4},"end":{"line":25,"column":5}},"5":{"start":{"line":22,"column":6},"end":{"line":22,"column":48}},"6":{"start":{"line":23,"column":11},"end":{"line":25,"column":5}},"7":{"start":{"line":24,"column":6},"end":{"line":24,"column":18}},"8":{"start":{"line":28,"column":2},"end":{"line":37,"column":3}},"9":{"start":{"line":29,"column":4},"end":{"line":36,"column":5}},"10":{"start":{"line":39,"column":2},"end":{"line":52,"column":4}},"11":{"start":{"line":44,"column":10},"end":{"line":48,"column":12}},"12":{"start":{"line":55,"column":24},"end":{"line":59,"column":1}},"13":{"start":{"line":56,"column":2},"end":{"line":58,"column":3}},"14":{"start":{"line":61,"column":27},"end":{"line":65,"column":1}},"15":{"start":{"line":62,"column":2},"end":{"line":64,"column":3}},"16":{"start":{"line":63,"column":30},"end":{"line":63,"column":70}}},"fnMap":{"0":{"name":"Home","decl":{"start":{"line":15,"column":9},"end":{"line":15,"column":13}},"loc":{"start":{"line":15,"column":29},"end":{"line":53,"column":1}},"line":15},"1":{"name":"(anonymous_1)","decl":{"start":{"line":17,"column":32},"end":{"line":17,"column":33}},"loc":{"start":{"line":17,"column":40},"end":{"line":17,"column":50}},"line":17},"2":{"name":"(anonymous_2)","decl":{"start":{"line":20,"column":12},"end":{"line":20,"column":13}},"loc":{"start":{"line":20,"column":18},"end":{"line":26,"column":3}},"line":20},"3":{"name":"(anonymous_3)","decl":{"start":{"line":43,"column":37},"end":{"line":43,"column":38}},"loc":{"start":{"line":44,"column":10},"end":{"line":48,"column":12}},"line":44},"4":{"name":"(anonymous_4)","decl":{"start":{"line":55,"column":24},"end":{"line":55,"column":25}},"loc":{"start":{"line":55,"column":34},"end":{"line":59,"column":1}},"line":55},"5":{"name":"(anonymous_5)","decl":{"start":{"line":61,"column":27},"end":{"line":61,"column":28}},"loc":{"start":{"line":61,"column":40},"end":{"line":65,"column":1}},"line":61},"6":{"name":"(anonymous_6)","decl":{"start":{"line":63,"column":17},"end":{"line":63,"column":18}},"loc":{"start":{"line":63,"column":29},"end":{"line":63,"column":71}},"line":63}},"branchMap":{"0":{"loc":{"start":{"line":21,"column":4},"end":{"line":25,"column":5}},"type":"if","locations":[{"start":{"line":21,"column":4},"end":{"line":25,"column":5}},{"start":{"line":23,"column":11},"end":{"line":25,"column":5}}],"line":21},"1":{"loc":{"start":{"line":23,"column":11},"end":{"line":25,"column":5}},"type":"if","locations":[{"start":{"line":23,"column":11},"end":{"line":25,"column":5}},{"start":{},"end":{}}],"line":23},"2":{"loc":{"start":{"line":28,"column":2},"end":{"line":37,"column":3}},"type":"if","locations":[{"start":{"line":28,"column":2},"end":{"line":37,"column":3}},{"start":{},"end":{}}],"line":28},"3":{"loc":{"start":{"line":39,"column":9},"end":{"line":52,"column":3}},"type":"cond-expr","locations":[{"start":{"line":39,"column":19},"end":{"line":39,"column":36}},{"start":{"line":40,"column":4},"end":{"line":51,"column":10}}],"line":39}},"s":{"0":8,"1":12,"2":8,"3":8,"4":8,"5":2,"6":6,"7":2,"8":8,"9":2,"10":6,"11":2,"12":2,"13":8,"14":2,"15":4,"16":4},"f":{"0":8,"1":12,"2":8,"3":2,"4":8,"5":4,"6":4},"b":{"0":[2,6],"1":[2,4],"2":[2,6],"3":[4,2]},"_coverageSchema":"1a1c01bbd47fc00a2c39e90264f33305004495a9","hash":"1d0a806c1077b5b3c946700bd95e6b9df7e86b78"}
}
