TN:
SF:src\App.js
FN:24,(anonymous_0)
FN:60,(anonymous_1)
FNF:2
FNH:2
FNDA:1,(anonymous_0)
FNDA:1,(anonymous_1)
DA:21,1
DA:22,1
DA:24,1
DA:38,1
DA:54,1
DA:56,1
DA:60,1
DA:61,1
LF:8
LH:8
BRF:0
BRH:0
end_of_record
TN:
SF:src\index.js
FNF:0
FNH:0
DA:8,0
DA:9,0
DA:20,0
LF:3
LH:0
BRF:0
BRH:0
end_of_record
TN:
SF:src\reportWebVitals.js
FN:1,(anonymous_0)
FN:3,(anonymous_1)
FNF:2
FNH:0
FNDA:0,(anonymous_0)
FNDA:0,(anonymous_1)
DA:1,0
DA:2,0
DA:3,0
DA:4,0
DA:5,0
DA:6,0
DA:7,0
DA:8,0
LF:8
LH:0
BRDA:2,0,0,0
BRDA:2,0,1,0
BRDA:2,1,0,0
BRDA:2,1,1,0
BRF:4
BRH:0
end_of_record
TN:
SF:src\client\index.js
FNF:0
FNH:0
DA:3,1
LF:1
LH:1
BRF:0
BRH:0
end_of_record
TN:
SF:src\components\card\index.js
FN:11,StyledCardComponent
FNF:1
FNH:1
FNDA:10,StyledCardComponent
DA:13,10
DA:15,10
LF:2
LH:2
BRDA:13,0,0,10
BRDA:13,0,1,0
BRDA:15,1,0,0
BRDA:15,1,1,10
BRDA:17,2,0,10
BRDA:17,2,1,0
BRDA:17,3,0,10
BRDA:17,3,1,0
BRDA:19,4,0,10
BRDA:19,4,1,0
BRDA:20,5,0,0
BRDA:20,5,1,10
BRDA:20,6,0,0
BRDA:20,6,1,10
BRDA:20,7,0,10
BRDA:20,7,1,0
BRDA:20,8,0,10
BRDA:20,8,1,0
BRF:18
BRH:9
end_of_record
TN:
SF:src\components\card\infocontent\index.js
FNF:0
FNH:0
DA:3,3
LF:1
LH:1
BRF:0
BRH:0
end_of_record
TN:
SF:src\components\card\styledcard\index.js
FN:11,(anonymous_0)
FNF:1
FNH:1
FNDA:11,(anonymous_0)
DA:4,4
DA:11,11
LF:2
LH:2
BRDA:11,0,0,2
BRDA:11,0,1,9
BRF:2
BRH:2
end_of_record
TN:
SF:src\components\card\styledimg\index.js
FNF:0
FNH:0
DA:3,3
LF:1
LH:1
BRF:0
BRH:0
end_of_record
TN:
SF:src\components\card\textcontent\index.js
FNF:0
FNH:0
DA:3,3
LF:1
LH:1
BRF:0
BRH:0
end_of_record
TN:
SF:src\components\card\title\index.js
FN:4,(anonymous_0)
FNF:1
FNH:1
FNDA:10,(anonymous_0)
DA:3,3
DA:4,10
LF:2
LH:2
BRDA:4,0,0,10
BRDA:4,0,1,10
BRF:2
BRH:2
end_of_record
TN:
SF:src\components\containercards\index.js
FN:4,(anonymous_0)
FNF:1
FNH:1
FNDA:3,(anonymous_0)
DA:3,3
DA:4,3
LF:2
LH:2
BRDA:4,0,0,3
BRDA:4,0,1,0
BRF:2
BRH:1
end_of_record
TN:
SF:src\components\contentnotfound\index.js
FNF:0
FNH:0
DA:3,5
LF:1
LH:1
BRF:0
BRH:0
end_of_record
TN:
SF:src\components\error\index.js
FN:7,ErrorPage
FNF:1
FNH:1
FNDA:6,ErrorPage
DA:9,6
LF:1
LH:1
BRDA:11,0,0,6
BRDA:11,0,1,0
BRDA:12,1,0,6
BRDA:12,1,1,0
BRDA:13,2,0,6
BRDA:13,2,1,0
BRF:6
BRH:3
end_of_record
TN:
SF:src\components\header\index.js
FN:15,Header
FNF:1
FNH:1
FNDA:4,Header
DA:17,4
LF:1
LH:1
BRF:0
BRH:0
end_of_record
TN:
SF:src\components\header\colorpick\index.js
FN:12,ColorPicker
FN:16,(anonymous_1)
FN:22,(anonymous_2)
FN:25,(anonymous_3)
FN:33,(anonymous_4)
FN:39,(anonymous_5)
FN:41,(anonymous_6)
FN:42,(anonymous_7)
FNF:8
FNH:5
FNDA:7,ColorPicker
FNDA:7,(anonymous_1)
FNDA:0,(anonymous_2)
FNDA:1,(anonymous_3)
FNDA:6,(anonymous_4)
FNDA:6,(anonymous_5)
FNDA:0,(anonymous_6)
FNDA:0,(anonymous_7)
DA:14,7
DA:16,7
DA:18,7
DA:22,0
DA:25,1
DA:33,3
DA:34,6
DA:39,3
DA:40,6
DA:41,0
DA:42,0
LF:11
LH:8
BRDA:20,0,0,1
BRDA:20,0,1,6
BRDA:26,1,0,1
BRDA:26,1,1,6
BRF:4
BRH:4
end_of_record
TN:
SF:src\components\header\colorpick\button\index.js
FNF:0
FNH:0
DA:3,3
LF:1
LH:1
BRF:0
BRH:0
end_of_record
TN:
SF:src\components\header\colorpick\container\index.js
FNF:0
FNH:0
DA:3,3
LF:1
LH:1
BRF:0
BRH:0
end_of_record
TN:
SF:src\components\header\colorpick\containerColor\index.js
FNF:0
FNH:0
DA:3,3
LF:1
LH:1
BRF:0
BRH:0
end_of_record
TN:
SF:src\components\header\img\index.js
FNF:0
FNH:0
DA:3,2
LF:1
LH:1
BRF:0
BRH:0
end_of_record
TN:
SF:src\components\header\link\index.js
FN:9,(anonymous_0)
FNF:1
FNH:1
FNDA:4,(anonymous_0)
DA:4,2
DA:9,4
LF:2
LH:2
BRDA:9,0,0,4
BRDA:9,0,1,4
BRF:2
BRH:2
end_of_record
TN:
SF:src\components\header\linkslist\index.js
FNF:0
FNH:0
DA:3,2
LF:1
LH:1
BRF:0
BRH:0
end_of_record
TN:
SF:src\components\header\nav\index.js
FNF:0
FNH:0
DA:3,2
LF:1
LH:1
BRF:0
BRH:0
end_of_record
TN:
SF:src\components\horizontalcard\index.js
FN:10,HorizontalCard
FNF:1
FNH:1
FNDA:5,HorizontalCard
DA:12,5
DA:14,5
LF:2
LH:2
BRDA:12,0,0,5
BRDA:12,0,1,0
BRDA:14,1,0,0
BRDA:14,1,1,5
BRDA:16,2,0,5
BRDA:16,2,1,0
BRDA:16,3,0,5
BRDA:16,3,1,0
BRDA:18,4,0,5
BRDA:18,4,1,0
BRDA:19,5,0,1
BRDA:19,5,1,4
BRDA:19,6,0,0
BRDA:19,6,1,4
BRDA:19,7,0,5
BRDA:19,7,1,0
BRDA:19,8,0,5
BRDA:19,8,1,0
BRDA:22,9,0,5
BRDA:22,9,1,0
BRDA:25,10,0,5
BRDA:25,10,1,0
BRDA:28,11,0,5
BRDA:28,11,1,0
BRF:24
BRH:13
end_of_record
TN:
SF:src\components\horizontalcard\circlespan\index.js
FN:6,(anonymous_0)
FNF:1
FNH:1
FNDA:15,(anonymous_0)
DA:3,5
DA:6,15
LF:2
LH:2
BRDA:6,0,0,15
BRDA:6,0,1,0
BRF:2
BRH:1
end_of_record
TN:
SF:src\components\horizontalcard\img\index.js
FNF:0
FNH:0
DA:3,3
LF:1
LH:1
BRF:0
BRH:0
end_of_record
TN:
SF:src\components\horizontalcard\personalinfo\index.js
FN:5,(anonymous_0)
FNF:1
FNH:1
FNDA:5,(anonymous_0)
DA:4,3
DA:5,5
LF:2
LH:2
BRDA:5,0,0,5
BRDA:5,0,1,5
BRF:2
BRH:2
end_of_record
TN:
SF:src\components\horizontalcard\styledhorizontalcard\index.js
FNF:0
FNH:0
DA:3,3
LF:1
LH:1
BRF:0
BRH:0
end_of_record
TN:
SF:src\components\invalidproperties\index.js
FN:3,InvalidProperties
FNF:1
FNH:1
FNDA:1,InvalidProperties
DA:4,1
LF:1
LH:1
BRF:0
BRH:0
end_of_record
TN:
SF:src\components\loading\index.js
FN:5,LoadingSpinner
FNF:1
FNH:1
FNDA:9,LoadingSpinner
DA:6,9
LF:1
LH:1
BRF:0
BRH:0
end_of_record
TN:
SF:src\components\maintitlesection\index.js
FN:5,MainTitleSection
FNF:1
FNH:1
FNDA:4,MainTitleSection
DA:6,4
LF:1
LH:1
BRDA:15,0,0,4
BRDA:15,0,1,0
BRDA:23,1,0,4
BRDA:23,1,1,0
BRF:4
BRH:2
end_of_record
TN:
SF:src\components\maintitlesection\maintitlecontent\index.js
FNF:0
FNH:0
DA:3,3
LF:1
LH:1
BRF:0
BRH:0
end_of_record
TN:
SF:src\components\styledtext\index.js
FN:4,(anonymous_0)
FN:6,(anonymous_1)
FN:7,(anonymous_2)
FN:8,(anonymous_3)
FN:11,(anonymous_4)
FNF:5
FNH:5
FNDA:48,(anonymous_0)
FNDA:48,(anonymous_1)
FNDA:48,(anonymous_2)
FNDA:48,(anonymous_3)
FNDA:48,(anonymous_4)
DA:3,5
DA:4,48
DA:6,48
DA:7,48
DA:8,48
DA:11,48
LF:6
LH:6
BRDA:4,0,0,48
BRDA:4,0,1,0
BRDA:6,1,0,48
BRDA:6,1,1,5
BRDA:7,2,0,48
BRDA:7,2,1,20
BRDA:8,3,0,4
BRDA:8,3,1,44
BRDA:11,4,0,48
BRDA:11,4,1,40
BRF:10
BRH:9
end_of_record
TN:
SF:src\components\title\index.js
FN:5,(anonymous_0)
FNF:1
FNH:1
FNDA:6,(anonymous_0)
DA:3,4
DA:5,6
LF:2
LH:2
BRDA:5,0,0,6
BRDA:5,0,1,0
BRF:2
BRH:1
end_of_record
TN:
SF:src\graphql\individualdata.graphql.js
FNF:0
FNH:0
DA:3,2
LF:1
LH:1
BRF:0
BRH:0
end_of_record
TN:
SF:src\graphql\initialData.graphql.js
FNF:0
FNH:0
DA:3,2
LF:1
LH:1
BRF:0
BRH:0
end_of_record
TN:
SF:src\layouts\default\index.js
FN:5,DefaultLayout
FNF:1
FNH:1
FNDA:1,DefaultLayout
DA:7,1
LF:1
LH:1
BRF:0
BRH:0
end_of_record
TN:
SF:src\redux\actions\changecolor.js
FN:3,(anonymous_0)
FNF:1
FNH:1
FNDA:1,(anonymous_0)
DA:3,4
DA:4,1
LF:2
LH:2
BRF:0
BRH:0
end_of_record
TN:
SF:src\redux\actions\changelenghtcharacters.js
FN:3,(anonymous_0)
FNF:1
FNH:1
FNDA:5,(anonymous_0)
DA:3,3
DA:4,5
LF:2
LH:2
BRF:0
BRH:0
end_of_record
TN:
SF:src\redux\actions\charactersInitiallength.js
FN:3,(anonymous_0)
FNF:1
FNH:1
FNDA:1,(anonymous_0)
DA:3,1
DA:4,1
LF:2
LH:2
BRF:0
BRH:0
end_of_record
TN:
SF:src\redux\actions\colorInitialLoad.js
FN:3,(anonymous_0)
FNF:1
FNH:1
FNDA:1,(anonymous_0)
DA:3,4
DA:4,1
LF:2
LH:2
BRF:0
BRH:0
end_of_record
TN:
SF:src\redux\reducers\characters.js
FN:7,(anonymous_0)
FNF:1
FNH:1
FNDA:21,(anonymous_0)
DA:3,5
DA:7,5
DA:8,21
DA:10,5
DA:12,1
DA:14,15
LF:6
LH:6
BRDA:7,0,0,13
BRDA:8,1,0,5
BRDA:8,1,1,1
BRDA:8,1,2,15
BRF:4
BRH:4
end_of_record
TN:
SF:src\redux\reducers\color.js
FN:7,(anonymous_0)
FNF:1
FNH:1
FNDA:21,(anonymous_0)
DA:3,5
DA:7,5
DA:8,21
DA:10,1
DA:12,1
DA:14,19
LF:6
LH:6
BRDA:7,0,0,13
BRDA:8,1,0,1
BRDA:8,1,1,1
BRDA:8,1,2,19
BRF:4
BRH:4
end_of_record
TN:
SF:src\redux\reducers\root-reducer.js
FNF:0
FNH:0
DA:9,4
DA:17,4
DA:22,4
LF:3
LH:3
BRF:0
BRH:0
end_of_record
TN:
SF:src\redux\types\types.js
FNF:0
FNH:0
DA:1,6
LF:1
LH:1
BRF:0
BRH:0
end_of_record
TN:
SF:src\screens\character\index.js
FN:16,Character
FNF:1
FNH:1
FNDA:5,Character
DA:18,5
DA:20,5
DA:24,5
DA:25,1
DA:36,4
LF:5
LH:5
BRDA:24,0,0,1
BRDA:24,0,1,4
BRDA:36,1,0,3
BRDA:36,1,1,1
BRF:4
BRH:4
end_of_record
TN:
SF:src\screens\home\index.js
FN:15,Home
FN:17,(anonymous_1)
FN:20,(anonymous_2)
FN:43,(anonymous_3)
FN:55,(anonymous_4)
FN:61,(anonymous_5)
FN:63,(anonymous_6)
FNF:7
FNH:7
FNDA:8,Home
FNDA:12,(anonymous_1)
FNDA:8,(anonymous_2)
FNDA:2,(anonymous_3)
FNDA:8,(anonymous_4)
FNDA:4,(anonymous_5)
FNDA:4,(anonymous_6)
DA:17,12
DA:18,8
DA:20,8
DA:21,8
DA:22,2
DA:23,6
DA:24,2
DA:28,8
DA:29,2
DA:39,6
DA:44,2
DA:55,2
DA:56,8
DA:61,2
DA:62,4
DA:63,4
LF:16
LH:16
BRDA:21,0,0,2
BRDA:21,0,1,6
BRDA:23,1,0,2
BRDA:23,1,1,4
BRDA:28,2,0,2
BRDA:28,2,1,6
BRDA:39,3,0,4
BRDA:39,3,1,2
BRF:8
BRH:8
end_of_record
